0 info it worked if it ends with ok
1 verbose cli [ 'C:\\Program Files\\nodejs\\node.exe',
1 verbose cli   'C:\\Program Files\\nodejs\\node_modules\\npm\\bin\\npm-cli.js',
1 verbose cli   'start' ]
2 info using npm@3.10.10
3 info using node@v6.11.5
4 verbose run-script [ 'prestart', 'start', 'poststart' ]
5 info lifecycle h-server@1.0.0~prestart: h-server@1.0.0
6 silly lifecycle h-server@1.0.0~prestart: no script for prestart, continuing
7 info lifecycle h-server@1.0.0~start: h-server@1.0.0
8 verbose lifecycle h-server@1.0.0~start: unsafe-perm in lifecycle true
9 verbose lifecycle h-server@1.0.0~start: PATH: C:\Program Files\nodejs\node_modules\npm\bin\node-gyp-bin;c:\h-server\node_modules\.bin;C:\Program Files (x86)\NVIDIA Corporation\PhysX\Common;c:\windows\system32;c:\windows;c:\windows\system32\wbem;c:\windows\system32\windowspowershell\v1.0\;c:\program files (x86)\common files\intel\shared libraries\redist\intel64\compiler;c:\programdata\oracle\java\javapath;c:\program files\microsoft sql server\130\tools\binn\;c:\program files\dotnet\;c:\program files\git\cmd;c:\program files\microsoft dnx\dnvm\;c:\program files (x86)\gtksharp\2.12\bin;C:\Program Files\nodejs\;C:\WINDOWS\system32;C:\WINDOWS;C:\WINDOWS\System32\Wbem;C:\WINDOWS\System32\WindowsPowerShell\v1.0\;C:\Program Files (x86)\QuickTime\QTSystem\;C:\Users\Carlier Bram.BRAMLENOVO\AppData\Local\Microsoft\WindowsApps;C:\Program Files\Heroku\bin
10 verbose lifecycle h-server@1.0.0~start: CWD: c:\h-server
11 silly lifecycle h-server@1.0.0~start: Args: [ '/d /s /c', 'node app.js' ]
12 silly lifecycle h-server@1.0.0~start: Returned: code: 3221225786  signal: null
13 info lifecycle h-server@1.0.0~start: Failed to exec start script
14 verbose stack Error: h-server@1.0.0 start: `node app.js`
14 verbose stack Exit status 3221225786
14 verbose stack     at EventEmitter.<anonymous> (C:\Program Files\nodejs\node_modules\npm\lib\utils\lifecycle.js:255:16)
14 verbose stack     at emitTwo (events.js:106:13)
14 verbose stack     at EventEmitter.emit (events.js:191:7)
14 verbose stack     at ChildProcess.<anonymous> (C:\Program Files\nodejs\node_modules\npm\lib\utils\spawn.js:40:14)
14 verbose stack     at emitTwo (events.js:106:13)
14 verbose stack     at ChildProcess.emit (events.js:191:7)
14 verbose stack     at maybeClose (internal/child_process.js:920:16)
14 verbose stack     at Process.ChildProcess._handle.onexit (internal/child_process.js:230:5)
15 verbose pkgid h-server@1.0.0
16 verbose cwd c:\h-server
17 error Windows_NT 10.0.16299
18 error argv "C:\\Program Files\\nodejs\\node.exe" "C:\\Program Files\\nodejs\\node_modules\\npm\\bin\\npm-cli.js" "start"
19 error node v6.11.5
20 error npm  v3.10.10
21 error code ELIFECYCLE
22 error h-server@1.0.0 start: `node app.js`
22 error Exit status 3221225786
23 error Failed at the h-server@1.0.0 start script 'node app.js'.
23 error Make sure you have the latest version of node.js and npm installed.
23 error If you do, this is most likely a problem with the h-server package,
23 error not with npm itself.
23 error Tell the author that this fails on your system:
23 error     node app.js
23 error You can get information on how to open an issue for this project with:
23 error     npm bugs h-server
23 error Or if that isn't available, you can get their info via:
23 error     npm owner ls h-server
23 error There is likely additional logging output above.
24 verbose exit [ 1, true ]
